[    0.000000] Linux version 4.15.0-136-generic (buildd@lcy01-amd64-029) (gcc version 7.5.0 (Ubuntu 7.5.0-3ubuntu1~18.04)) #140-Ubuntu SMP Thu Jan 28 05:20:47 UTC 2021 (Ubuntu 4.15.0-136.140-generic 4.15.18)
[    0.000000] Command line: BOOT_IMAGE=/boot/vmlinuz-4.15.0-136-generic root=LABEL=cloudimg-rootfs ro console=tty1 console=ttyS0
[    0.000000] KERNEL supported cpus:
[    0.000000]   Intel GenuineIntel
[    0.000000]   AMD AuthenticAMD
[    0.000000]   Centaur CentaurHauls
[    0.000000] [Firmware Bug]: TSC doesn't count with P0 frequency!
[    0.000000] x86/fpu: Supporting XSAVE feature 0x001: 'x87 floating point registers'
[    0.000000] x86/fpu: Supporting XSAVE feature 0x002: 'SSE registers'
[    0.000000] x86/fpu: Supporting XSAVE feature 0x004: 'AVX registers'
[    0.000000] x86/fpu: xstate_offset[2]:  576, xstate_sizes[2]:  256
[    0.000000] x86/fpu: Enabled xstate features 0x7, context size is 832 bytes, using 'standard' format.
[    0.000000] e820: BIOS-provided physical RAM map:
[    0.000000] BIOS-e820: [mem 0x0000000000000000-0x000000000009fbff] usable
[    0.000000] BIOS-e820: [mem 0x000000000009fc00-0x000000000009ffff] reserved
[    0.000000] BIOS-e820: [mem 0x00000000000f0000-0x00000000000fffff] reserved
[    0.000000] BIOS-e820: [mem 0x0000000000100000-0x000000007ffeffff] usable
[    0.000000] BIOS-e820: [mem 0x000000007fff0000-0x000000007fffffff] ACPI data
[    0.000000] BIOS-e820: [mem 0x00000000fec00000-0x00000000fec00fff] reserved
[    0.000000] BIOS-e820: [mem 0x00000000fee00000-0x00000000fee00fff] reserved
[    0.000000] BIOS-e820: [mem 0x00000000fffc0000-0x00000000ffffffff] reserved
[    0.000000] NX (Execute Disable) protection: active
[    0.000000] SMBIOS 2.5 present.
[    0.000000] DMI: innotek GmbH VirtualBox/VirtualBox, BIOS VirtualBox 12/01/2006
[    0.000000] Hypervisor detected: KVM
[    0.000000] e820: last_pfn = 0x7fff0 max_arch_pfn = 0x400000000
[    0.000000] MTRR: Disabled
[    0.000000] x86/PAT: MTRRs disabled, skipping PAT initialization too.
[    0.000000] CPU MTRRs all blank - virtualized system.
[    0.000000] x86/PAT: Configuration [0-7]: WB  WT  UC- UC  WB  WT  UC- UC  
[    0.000000] found SMP MP-table at [mem 0x0009fff0-0x0009ffff]
[    0.000000] Scanning 1 areas for low memory corruption
[    0.000000] RAMDISK: [mem 0x35a63000-0x36d28fff]
[    0.000000] ACPI: Early table checksum verification disabled
[    0.000000] ACPI: RSDP 0x00000000000E0000 000024 (v02 VBOX  )
[    0.000000] ACPI: XSDT 0x000000007FFF0030 00003C (v01 VBOX   VBOXXSDT 00000001 ASL  00000061)
[    0.000000] ACPI: FACP 0x000000007FFF00F0 0000F4 (v04 VBOX   VBOXFACP 00000001 ASL  00000061)
[    0.000000] ACPI: DSDT 0x000000007FFF0470 0022EA (v02 VBOX   VBOXBIOS 00000002 INTL 20100528)
[    0.000000] ACPI: FACS 0x000000007FFF0200 000040
[    0.000000] ACPI: FACS 0x000000007FFF0200 000040
[    0.000000] ACPI: APIC 0x000000007FFF0240 000054 (v02 VBOX   VBOXAPIC 00000001 ASL  00000061)
[    0.000000] ACPI: SSDT 0x000000007FFF02A0 0001CC (v01 VBOX   VBOXCPUT 00000002 INTL 20100528)
[    0.000000] No NUMA configuration found
[    0.000000] Faking a node at [mem 0x0000000000000000-0x000000007ffeffff]
[    0.000000] NODE_DATA(0) allocated [mem 0x7ffc5000-0x7ffeffff]
[    0.000000] kvm-clock: cpu 0, msr 0:7ff44001, primary cpu clock
[    0.000000] kvm-clock: Using msrs 4b564d01 and 4b564d00
[    0.000000] kvm-clock: using sched offset of 3799770453 cycles
[    0.000000] clocksource: kvm-clock: mask: 0xffffffffffffffff max_cycles: 0x1cd42e4dffb, max_idle_ns: 881590591483 ns
[    0.000000] Zone ranges:
[    0.000000]   DMA      [mem 0x0000000000001000-0x0000000000ffffff]
[    0.000000]   DMA32    [mem 0x0000000001000000-0x000000007ffeffff]
[    0.000000]   Normal   empty
[    0.000000]   Device   empty
[    0.000000] Movable zone start for each node
[    0.000000] Early memory node ranges
[    0.000000]   node   0: [mem 0x0000000000001000-0x000000000009efff]
[    0.000000]   node   0: [mem 0x0000000000100000-0x000000007ffeffff]
[    0.000000] Reserved but unavailable: 98 pages
[    0.000000] Initmem setup node 0 [mem 0x0000000000001000-0x000000007ffeffff]
[    0.000000] ACPI: PM-Timer IO Port: 0x4008
[    0.000000] IOAPIC[0]: apic_id 1, version 32, address 0xfec00000, GSI 0-23
[    0.000000] ACPI: INT_SRC_OVR (bus 0 bus_irq 0 global_irq 2 dfl dfl)
[    0.000000] ACPI: INT_SRC_OVR (bus 0 bus_irq 9 global_irq 9 low level)
[    0.000000] Using ACPI (MADT) for SMP configuration information
[    0.000000] smpboot: Allowing 1 CPUs, 0 hotplug CPUs
[    0.000000] PM: Registered nosave memory: [mem 0x00000000-0x00000fff]
[    0.000000] PM: Registered nosave memory: [mem 0x0009f000-0x0009ffff]
[    0.000000] PM: Registered nosave memory: [mem 0x000a0000-0x000effff]
[    0.000000] PM: Registered nosave memory: [mem 0x000f0000-0x000fffff]
[    0.000000] e820: [mem 0x80000000-0xfebfffff] available for PCI devices
[    0.000000] Booting paravirtualized kernel on KVM
[    0.000000] clocksource: refined-jiffies: mask: 0xffffffff max_cycles: 0xffffffff, max_idle_ns: 7645519600211568 ns
[    0.000000] random: get_random_bytes called from start_kernel+0x99/0x500 with crng_init=0
[    0.000000] setup_percpu: NR_CPUS:8192 nr_cpumask_bits:1 nr_cpu_ids:1 nr_node_ids:1
[    0.000000] percpu: Embedded 45 pages/cpu s147456 r8192 d28672 u2097152
[    0.000000] PV qspinlock hash table entries: 256 (order: 0, 4096 bytes)
[    0.000000] Built 1 zonelists, mobility grouping on.  Total pages: 515961
[    0.000000] Policy zone: DMA32
[    0.000000] Kernel command line: BOOT_IMAGE=/boot/vmlinuz-4.15.0-136-generic root=LABEL=cloudimg-rootfs ro console=tty1 console=ttyS0
[    0.000000] Memory: 2015392K/2096696K available (12300K kernel code, 2482K rwdata, 4276K rodata, 2440K init, 2724K bss, 81304K reserved, 0K cma-reserved)
[    0.000000] SLUB: HWalign=64, Order=0-3, MinObjects=0, CPUs=1, Nodes=1
[    0.000000] ftrace: allocating 39427 entries in 155 pages
[    0.004000] Hierarchical RCU implementation.
[    0.004000] 	RCU restricting CPUs from NR_CPUS=8192 to nr_cpu_ids=1.
[    0.004000] 	Tasks RCU enabled.
[    0.004000] RCU: Adjusting geometry for rcu_fanout_leaf=16, nr_cpu_ids=1
[    0.004000] NR_IRQS: 524544, nr_irqs: 256, preallocated irqs: 16
[    0.004000] Console: colour VGA+ 80x25
[    0.004000] console [tty1] enabled
[    0.004000] console [ttyS0] enabled
[    0.004000] ACPI: Core revision 20170831
[    0.004000] ACPI: 2 ACPI AML tables successfully acquired and loaded
[    0.004000] APIC: Switch to symmetric I/O mode setup
[    0.004000] x2apic enabled
[    0.004000] Switched APIC routing to physical x2apic.
[    0.006123] ..TIMER: vector=0x30 apic1=0 pin1=2 apic2=-1 pin2=-1
[    0.008003] tsc: Detected 3851.324 MHz processor
[    0.009344] Calibrating delay loop (skipped) preset value.. 7702.64 BogoMIPS (lpj=15405296)
[    0.012005] pid_max: default: 32768 minimum: 301
[    0.013473] Security Framework initialized
[    0.016003] Yama: becoming mindful.
[    0.017085] AppArmor: AppArmor initialized
[    0.020096] Dentry cache hash table entries: 262144 (order: 9, 2097152 bytes)
[    0.024216] Inode-cache hash table entries: 131072 (order: 8, 1048576 bytes)
[    0.026444] Mount-cache hash table entries: 4096 (order: 3, 32768 bytes)
[    0.028019] Mountpoint-cache hash table entries: 4096 (order: 3, 32768 bytes)
[    0.030306] Last level iTLB entries: 4KB 1024, 2MB 1024, 4MB 512
[    0.032003] Last level dTLB entries: 4KB 1536, 2MB 1536, 4MB 768, 1GB 0
[    0.033974] Spectre V1 : Mitigation: usercopy/swapgs barriers and __user pointer sanitization
[    0.036006] Spectre V2 : Spectre mitigation: LFENCE not serializing, switching to generic retpoline
[    0.038583] Spectre V2 : Mitigation: Full generic retpoline
[    0.040003] Spectre V2 : Spectre v2 / SpectreRSB mitigation: Filling RSB on context switch
[    0.044003] Speculative Store Bypass: Mitigation: Speculative Store Bypass disabled via prctl and seccomp
[    0.049942] Freeing SMP alternatives memory: 36K
[    0.166887] APIC calibration not consistent with PM-Timer: 103ms instead of 100ms
[    0.168000] APIC delta adjusted to PM-Timer: 6244478 (6465715)
[    0.168117] smpboot: CPU0: AMD Ryzen 5 3400G with Radeon Vega Graphics (family: 0x17, model: 0x18, stepping: 0x1)
[    0.171424] Performance Events: PMU not available due to virtualization, using software events only.
[    0.172063] Hierarchical SRCU implementation.
[    0.176534] NMI watchdog: Perf event create on CPU 0 failed with -2
[    0.178340] NMI watchdog: Perf NMI watchdog permanently disabled
[    0.180000] smp: Bringing up secondary CPUs ...
[    0.180006] smp: Brought up 1 node, 1 CPU
[    0.181244] smpboot: Max logical packages: 1
[    0.184003] smpboot: Total of 1 processors activated (7702.64 BogoMIPS)
[    0.186627] devtmpfs: initialized
[    0.188081] x86/mm: Memory block size: 128MB
[    0.190343] evm: security.selinux
[    0.192006] evm: security.SMACK64
[    0.193049] evm: security.SMACK64EXEC
[    0.194169] evm: security.SMACK64TRANSMUTE
[    0.196003] evm: security.SMACK64MMAP
[    0.197072] evm: security.apparmor
[    0.198256] evm: security.ima
[    0.200005] evm: security.capability
[    0.201310] clocksource: jiffies: mask: 0xffffffff max_cycles: 0xffffffff, max_idle_ns: 7645041785100000 ns
[    0.204053] futex hash table entries: 256 (order: 2, 16384 bytes)
[    0.206003] pinctrl core: initialized pinctrl subsystem
[    0.208141] RTC time: 11:20:31, date: 03/04/21
[    0.209735] NET: Registered protocol family 16
[    0.211441] audit: initializing netlink subsys (disabled)
[    0.212174] cpuidle: using governor ladder
[    0.213998] cpuidle: using governor menu
[    0.216627] audit: type=2000 audit(1614856836.329:1): state=initialized audit_enabled=0 res=1
[    0.220102] ACPI: bus type PCI registered
[    0.224019] acpiphp: ACPI Hot Plug PCI Controller Driver version: 0.5
[    0.226749] PCI: Using configuration type 1 for base access
[    0.228005] PCI: Using configuration type 1 for extended access
[    0.233000] HugeTLB registered 2.00 MiB page size, pre-allocated 0 pages
[    0.235324] ACPI: Added _OSI(Module Device)
[    0.236007] ACPI: Added _OSI(Processor Device)
[    0.237348] ACPI: Added _OSI(3.0 _SCP Extensions)
[    0.238728] ACPI: Added _OSI(Processor Aggregator Device)
[    0.240021] ACPI: Added _OSI(Linux-Dell-Video)
[    0.241601] ACPI: Added _OSI(Linux-Lenovo-NV-HDMI-Audio)
[    0.244014] ACPI: Added _OSI(Linux-HPI-Hybrid-Graphics)
[    0.246071] ACPI: Executed 1 blocks of module-level executable AML code
[    0.252863] ACPI: Interpreter enabled
[    0.255028] ACPI: (supports S0 S5)
[    0.256007] ACPI: Using IOAPIC for interrupt routing
[    0.257768] PCI: Using host bridge windows from ACPI; if necessary, use "pci=nocrs" and report a bug
[    0.260233] ACPI: Enabled 2 GPEs in block 00 to 07
[    0.272810] ACPI: PCI Root Bridge [PCI0] (domain 0000 [bus 00-ff])
[    0.275217] acpi PNP0A03:00: _OSC: OS supports [ExtendedConfig ASPM ClockPM Segments MSI]
[    0.277286] acpi PNP0A03:00: _OSC: platform does not support [PCIeCapability]
[    0.280524] acpi PNP0A03:00: _OSC: not requesting control; platform does not support [PCIeCapability]
[    0.284008] acpi PNP0A03:00: _OSC: OS requested [PCIeHotplug PME AER PCIeCapability]
[    0.288006] acpi PNP0A03:00: _OSC: platform willing to grant [PCIeHotplug PME AER]
[    0.290418] acpi PNP0A03:00: _OSC failed (AE_SUPPORT); disabling ASPM
[    0.292401] PCI host bridge to bus 0000:00
[    0.296006] pci_bus 0000:00: root bus resource [io  0x0000-0x0cf7 window]
[    0.298719] pci_bus 0000:00: root bus resource [io  0x0d00-0xffff window]
[    0.300007] pci_bus 0000:00: root bus resource [mem 0x000a0000-0x000bffff window]
[    0.304007] pci_bus 0000:00: root bus resource [mem 0x80000000-0xfdffffff window]
[    0.306347] pci_bus 0000:00: root bus resource [bus 00-ff]
[    0.310122] pci 0000:00:01.1: legacy IDE quirk: reg 0x10: [io  0x01f0-0x01f7]
[    0.312006] pci 0000:00:01.1: legacy IDE quirk: reg 0x14: [io  0x03f6]
[    0.316010] pci 0000:00:01.1: legacy IDE quirk: reg 0x18: [io  0x0170-0x0177]
[    0.318409] pci 0000:00:01.1: legacy IDE quirk: reg 0x1c: [io  0x0376]
[    0.389324] pci 0000:00:07.0: quirk: [io  0x4000-0x403f] claimed by PIIX4 ACPI
[    0.392005] pci 0000:00:07.0: quirk: [io  0x4100-0x410f] claimed by PIIX4 SMB
[    0.426281] ACPI: PCI Interrupt Link [LNKA] (IRQs 5 9 10 *11)
[    0.428319] ACPI: PCI Interrupt Link [LNKB] (IRQs 5 9 *10 11)
[    0.432133] ACPI: PCI Interrupt Link [LNKC] (IRQs 5 *9 10 11)
[    0.434303] ACPI: PCI Interrupt Link [LNKD] (IRQs 5 9 10 *11)
[    0.440331] SCSI subsystem initialized
[    0.442652] pci 0000:00:02.0: vgaarb: setting as boot VGA device
[    0.444000] pci 0000:00:02.0: vgaarb: VGA device added: decodes=io+mem,owns=io+mem,locks=none
[    0.444009] pci 0000:00:02.0: vgaarb: bridge control possible
[    0.448006] vgaarb: loaded
[    0.449125] ACPI: bus type USB registered
[    0.452096] usbcore: registered new interface driver usbfs
[    0.453829] usbcore: registered new interface driver hub
[    0.456030] usbcore: registered new device driver usb
[    0.457753] EDAC MC: Ver: 3.0.0
[    0.460449] PCI: Using ACPI for IRQ routing
[    0.464581] NetLabel: Initializing
[    0.465717] NetLabel:  domain hash size = 128
[    0.467157] NetLabel:  protocols = UNLABELED CIPSOv4 CALIPSO
[    0.468093] NetLabel:  unlabeled traffic allowed by default
[    0.472553] clocksource: Switched to clocksource kvm-clock
[    0.490083] VFS: Disk quotas dquot_6.6.0
[    0.492153] VFS: Dquot-cache hash table entries: 512 (order 0, 4096 bytes)
[    0.495270] AppArmor: AppArmor Filesystem Enabled
[    0.497397] pnp: PnP ACPI init
[    0.499517] pnp: PnP ACPI: found 3 devices
[    0.507088] clocksource: acpi_pm: mask: 0xffffff max_cycles: 0xffffff, max_idle_ns: 2085701024 ns
[    0.510320] NET: Registered protocol family 2
[    0.512114] TCP established hash table entries: 16384 (order: 5, 131072 bytes)
[    0.514459] TCP bind hash table entries: 16384 (order: 6, 262144 bytes)
[    0.516640] TCP: Hash tables configured (established 16384 bind 16384)
[    0.518844] UDP hash table entries: 1024 (order: 3, 32768 bytes)
[    0.521579] UDP-Lite hash table entries: 1024 (order: 3, 32768 bytes)
[    0.523975] NET: Registered protocol family 1
[    0.525984] pci 0000:00:00.0: Limiting direct PCI/PCI transfers
[    0.528160] pci 0000:00:01.0: Activating ISA DMA hang workarounds
[    0.530145] pci 0000:00:02.0: Video device with shadowed ROM at [mem 0x000c0000-0x000dffff]
[    0.532860] Unpacking initramfs...
[    0.812148] Freeing initrd memory: 19224K
[    0.814105] clocksource: tsc: mask: 0xffffffffffffffff max_cycles: 0x6f0777f23c1, max_idle_ns: 881590486194 ns
[    0.817411] platform rtc_cmos: registered platform RTC device (no PNP device found)
[    0.820021] Scanning for low memory corruption every 60 seconds
[    0.822758] Initialise system trusted keyrings
[    0.824217] Key type blacklist registered
[    0.825551] workingset: timestamp_bits=36 max_order=19 bucket_order=0
[    0.828186] zbud: loaded
[    0.829747] squashfs: version 4.0 (2009/01/31) Phillip Lougher
[    0.832638] fuse init (API version 7.26)
[    0.835650] Key type asymmetric registered
[    0.837100] Asymmetric key parser 'x509' registered
[    0.838711] Block layer SCSI generic (bsg) driver version 0.4 loaded (major 246)
[    0.840930] io scheduler noop registered
[    0.842180] io scheduler deadline registered
[    0.843568] io scheduler cfq registered (default)
[    0.845725] ACPI: AC Adapter [AC] (on-line)
[    0.847119] input: Power Button as /devices/LNXSYSTM:00/LNXPWRBN:00/input/input0
[    0.849504] ACPI: Power Button [PWRF]
[    0.851134] input: Sleep Button as /devices/LNXSYSTM:00/LNXSLPBN:00/input/input1
[    0.853501] ACPI: Sleep Button [SLPF]
[    0.855491] virtio-pci 0000:00:03.0: virtio_pci: leaving for legacy driver
[    0.857676] Serial: 8250/16550 driver, 32 ports, IRQ sharing enabled
[    0.881068] 00:02: ttyS0 at I/O 0x3f8 (irq = 4, base_baud = 115200) is a 16550A
[    0.884523] Linux agpgart interface v0.103
[    0.886815] loop: module loaded
[    0.888470] scsi host0: ata_piix
[    0.889608] scsi host1: ata_piix
[    0.890628] ata1: PATA max UDMA/33 cmd 0x1f0 ctl 0x3f6 bmdma 0xd000 irq 14
[    0.892637] ata2: PATA max UDMA/33 cmd 0x170 ctl 0x376 bmdma 0xd008 irq 15
[    0.895626] libphy: Fixed MDIO Bus: probed
[    0.896881] tun: Universal TUN/TAP device driver, 1.6
[    0.898573] PPP generic driver version 2.4.2
[    0.899892] ehci_hcd: USB 2.0 'Enhanced' Host Controller (EHCI) Driver
[    0.902122] ehci-pci: EHCI PCI platform driver
[    0.903455] ehci-platform: EHCI generic platform driver
[    0.905187] ohci_hcd: USB 1.1 'Open' Host Controller (OHCI) Driver
[    0.907063] ohci-pci: OHCI PCI platform driver
[    0.908523] ohci-platform: OHCI generic platform driver
[    0.910415] uhci_hcd: USB Universal Host Controller Interface driver
[    0.912728] i8042: PNP: PS/2 Controller [PNP0303:PS2K,PNP0f03:PS2M] at 0x60,0x64 irq 1,12
[    0.915923] serio: i8042 KBD port at 0x60,0x64 irq 1
[    0.917582] serio: i8042 AUX port at 0x60,0x64 irq 12
[    0.919190] mousedev: PS/2 mouse device common for all mice
[    0.921244] input: AT Translated Set 2 keyboard as /devices/platform/i8042/serio0/input/input2
[    0.924373] rtc_cmos rtc_cmos: rtc core: registered rtc_cmos as rtc0
[    0.926397] rtc_cmos rtc_cmos: alarms up to one day, 114 bytes nvram
[    0.928670] i2c /dev entries driver
[    0.929953] device-mapper: uevent: version 1.0.3
[    0.931471] device-mapper: ioctl: 4.37.0-ioctl (2017-09-20) initialised: dm-devel@redhat.com
[    0.934457] ledtrig-cpu: registered to indicate activity on CPUs
[    0.936512] NET: Registered protocol family 10
[    0.940252] Segment Routing with IPv6
[    0.941725] NET: Registered protocol family 17
[    0.943227] Key type dns_resolver registered
[    0.944623] mce: Using 0 MCE banks
[    0.945674] RAS: Correctable Errors collector initialized.
[    0.947565] sched_clock: Marking stable (944497048, 0)->(1199232474, -254735426)
[    0.949975] registered taskstats version 1
[    0.951251] Loading compiled-in X.509 certificates
[    0.954248] Loaded X.509 cert 'Build time autogenerated kernel key: c356b48d5f070be9e15fb09bbd57426939f0386e'
[    0.957352] zswap: loaded using pool lzo/zbud
[    0.960937] Key type big_key registered
[    0.962304] Key type trusted registered
[    0.964624] Key type encrypted registered
[    0.965885] AppArmor: AppArmor sha1 policy hashing enabled
[    0.967723] ima: No TPM chip found, activating TPM-bypass! (rc=-19)
[    0.969760] ima: Allocated hash algorithm: sha1
[    0.971359] evm: HMAC attrs: 0x1
[    0.972619]   Magic number: 13:716:326
[    0.974135]   hash matches /build/linux-zK7Mt2/linux-4.15.0/drivers/base/power/main.c:1675
[    0.977021] rtc_cmos rtc_cmos: setting system clock to 2021-03-04 11:20:32 UTC (1614856832)
[    0.979757] BIOS EDD facility v0.16 2004-Jun-25, 0 devices found
[    0.981794] EDD information not available.
[    1.054970] Freeing unused kernel image memory: 2440K
[    1.064112] Write protecting the kernel read-only data: 20480k
[    1.067249] Freeing unused kernel image memory: 2008K
[    1.070128] Freeing unused kernel image memory: 1868K
[    1.078010] x86/mm: Checked W+X mappings: passed, no W+X pages found.
Loading, please wait...
starting version 237
[    1.154136] Fusion MPT base driver 3.04.20
[    1.155440] Copyright (c) 1999-2008 LSI Corporation
[    1.181539] Fusion MPT SPI Host driver 3.04.20
[    1.197793] AVX2 version of gcm_enc/dec engaged.
[    1.199388] AES CTR mode by8 optimization enabled
[    1.207348] mptbase: ioc0: Initiating bringup
[    1.214731] virtio_net virtio0 enp0s3: renamed from eth0
[    1.304873] ioc0: LSI53C1030 A0: Capabilities={Initiator}
[    1.366920] input: ImExPS/2 Generic Explorer Mouse as /devices/platform/i8042/serio1/input/input4
[    1.550744] scsi host2: ioc0: LSI53C1030 A0, FwRev=00000000h, Ports=1, MaxQ=256, IRQ=20
[    1.720696] scsi 2:0:0:0: Direct-Access     VBOX     HARDDISK         1.0  PQ: 0 ANSI: 5
[    1.723818] scsi target2:0:0: Beginning Domain Validation
[    1.728199] random: fast init done
[    1.730495] scsi target2:0:0: Domain Validation skipping write tests
[    1.732895] scsi target2:0:0: Ending Domain Validation
[    1.734536] scsi target2:0:0: asynchronous
[    1.736337] scsi 2:0:1:0: Direct-Access     VBOX     HARDDISK         1.0  PQ: 0 ANSI: 5
[    1.738675] scsi target2:0:1: Beginning Domain Validation
[    1.744128] scsi target2:0:1: Domain Validation skipping write tests
[    1.747043] scsi target2:0:1: Ending Domain Validation
[    1.749624] scsi target2:0:1: asynchronous
[    1.755899] random: systemd-udevd: uninitialized urandom read (16 bytes read)
[    1.758190] random: systemd-udevd: uninitialized urandom read (16 bytes read)
[    1.760722] sd 2:0:0:0: Attached scsi generic sg0 type 0
[    1.762443] random: systemd-udevd: uninitialized urandom read (16 bytes read)
[    1.764744] sd 2:0:0:0: [sda] 83886080 512-byte logical blocks: (42.9 GB/40.0 GiB)
[    1.767213] sd 2:0:0:0: [sda] Write Protect is off
[    1.768913] sd 2:0:1:0: Attached scsi generic sg1 type 0
[    1.770660] sd 2:0:1:0: [sdb] 20480 512-byte logical blocks: (10.5 MB/10.0 MiB)
[    1.773957] sd 2:0:0:0: [sda] Incomplete mode parameter data
[    1.775625] sd 2:0:0:0: [sda] Assuming drive cache: write through
[    1.777789] sd 2:0:1:0: [sdb] Write Protect is off
[    1.779474] sd 2:0:1:0: [sdb] Incomplete mode parameter data
[    1.781277] sd 2:0:1:0: [sdb] Assuming drive cache: write through
[    1.785023]  sda: sda1
[    1.786960] sd 2:0:0:0: [sda] Attached SCSI disk
[    1.789787] sd 2:0:1:0: [sdb] Attached SCSI disk
Begin: Loading essential drivers ... [    3.536315] raid6: sse2x1   gen()  8224 MB/s
[    3.584478] raid6: sse2x1   xor()  6661 MB/s
[    3.632203] raid6: sse2x2   gen() 16438 MB/s
[    3.680382] raid6: sse2x2   xor() 10490 MB/s
[    3.728075] raid6: sse2x4   gen() 16977 MB/s
[    3.776252] raid6: sse2x4   xor()  9713 MB/s
[    3.824437] raid6: avx2x1   gen() 19324 MB/s
[    3.872139] raid6: avx2x1   xor() 14687 MB/s
[    3.920347] raid6: avx2x2   gen() 21669 MB/s
[    3.968053] raid6: avx2x2   xor() 14192 MB/s
[    4.016243] raid6: avx2x4   gen() 20436 MB/s
[    4.064401] raid6: avx2x4   xor() 11861 MB/s
[    4.065732] raid6: using algorithm avx2x2 gen() 21669 MB/s
[    4.067362] raid6: .... xor() 14192 MB/s, rmw enabled
[    4.068901] raid6: using avx2x2 recovery algorithm
[    4.073033] xor: automatically using best checksumming function   avx       
[    4.077324] async_tx: api initialized (async)
done.
Begin: Running /scripts/init-premount ... done.
Begin: Mounting root file system ... Begin: Running /scripts/local-top ... done.
Begin: Running /scripts/local-premount ... [    4.120334] Btrfs loaded, crc32c=crc32c-intel
Scanning for Btrfs filesystems
done.
Warning: fsck not present, so skipping root file system
[    4.150871] EXT4-fs (sda1): mounted filesystem with ordered data mode. Opts: (null)
done.
Begin: Running /scripts/local-bottom ... done.
Begin: Running /scripts/init-bottom ... done.
[    4.308372] ip_tables: (C) 2000-2006 Netfilter Core Team
[    4.318442] systemd[1]: systemd 237 running in system mode. (+PAM +AUDIT +SELINUX +IMA +APPARMOR +SMACK +SYSVINIT +UTMP +LIBCRYPTSETUP +GCRYPT +GNUTLS +ACL +XZ +LZ4 +SECCOMP +BLKID +ELFUTILS +KMOD -IDN2 +IDN -PCRE2 default-hierarchy=hybrid)
[    4.324727] systemd[1]: Detected virtualization oracle.
[    4.326807] systemd[1]: Detected architecture x86-64.

Welcome to [1mUbuntu 18.04.5 LTS[0m!

[    4.332387] systemd[1]: Set hostname to <ubuntu>.
[    4.338097] systemd[1]: Initializing machine ID from random generator.
[    4.340091] systemd[1]: Installed transient /etc/machine-id file.
[    4.592788] systemd[1]: Reached target User and Group Name Lookups.
[[0;32m  OK  [0m] Reached target User and Group Name Lookups.
[    4.596044] systemd[1]: Reached target Swap.
[[0;32m  OK  [0m] Reached target Swap.
[    4.598456] systemd[1]: Set up automount Arbitrary Executable File Formats File System Automount Point.
[[0;32m  OK  [0m] Set up automount Arbitrary Executab…rmats File System Automount Point.
[    4.602993] systemd[1]: Created slice System Slice.
[[0;32m  OK  [0m] Created slice System Slice.
[[0;32m  OK  [0m] Listening on fsck to fsckd communication Socket.
[[0;32m  OK  [0m] Listening on udev Kernel Socket.
[[0;32m  OK  [0m] Listening on Journal Socket.
         Starting Create list of required st…ce nodes for the current kernel...
         Mounting POSIX Message Queue File System...
         Starting Set the console keyboard layout...
[[0;32m  OK  [0m] Listening on Device-mapper event daemon FIFOs.
[[0;32m  OK  [0m] Listening on Journal Audit Socket.
         Starting Uncomplicated firewall...
[[0;32m  OK  [0m] Listening on Syslog Socket.
[[0;32m  OK  [0m] Listening on /dev/initctl Compatibility Named Pipe.
[[0;32m  OK  [0m] Listening on udev Control Socket.
         Starting udev Coldplug all Devices...
[[0;32m  OK  [0m] Reached target System Time Synchronized.
         Mounting Kernel Debug File System...
         Starting File System Check on Root Device...
[[0;32m  OK  [0m] Listening on Journal Socket (/dev/log).
         Starting Journal Service...
[[0;32m  OK  [0m] Created slice system-serial\x2dgetty.slice.
         Starting Load Kernel Modules...
         Mounting Huge Pages File System...
[[0;32m  OK  [0m] Created slice User and Session Slice.
[[0;32m  OK  [0m] Reached target Slices.
[[0;32m  OK  [0m] Listening on Network Service Netlink Socket.
[[0;32m  OK  [0m] Started Forward Password Requests to Wall Directory Watch.
[[0;32m  OK  [0m] Listening on LVM2 metadata daemon socket.
         Starting Monitoring of LVM2 mirrors…ng dmeventd or progress polling...
[[0;32m  OK  [0m] Listening on LVM2 poll daemon socket.
[[0;32m  OK  [0m] Started Create list of required sta…vice nodes for the current kernel.
[[0;32m  OK  [0m] Mounted POSIX Message Queue File System.
[    4.726273] Loading iSCSI transport class v2.0-870.
[[0;32m  OK  [0m] Started Uncomplicated firewall.
[[0;32m  OK  [0m] Mounted Kernel Debug File System.
[[0;32m  OK  [0m] Mounted Huge Pages File System.
[[0;32m  OK  [0m] Started File System Check Daemon to report status.
         Starting Create Static Device Nodes in /dev...
[[0;32m  OK  [0m] Started LVM2 metadata daemon.
[[0;32m  OK  [0m] Started File System Check on Root Device.
         Starting Remount Root and Kernel File Systems...
[[0;32m  OK  [0m] Started Journal Service.
[[0;32m  OK  [0m] Started Create Static Device Nodes in /dev.
[    4.842412] iscsi: registered transport (tcp)
[[0;32m  OK  [0m] Started udev Coldplug all Devices.
[    4.898697] EXT4-fs (sda1): re-mounted. Opts: (null)
[[0;32m  OK  [0m] Started Remount Root and Kernel File Systems.
         Starting Load/Save Random Seed...
         Starting Flush Journal to Persistent Storage...
         Starting udev Kernel Device Manager...
[[0;32m  OK  [0m] Started Set the console keyboard layout.
[[0;32m  OK  [0m] Started Monitoring of LVM2 mirrors,…sing dmeventd or progress polling.
[[0;32m  OK  [0m] Started Load/Save Random Seed.
[[0;32m  OK  [0m] Reached target Local File Systems (Pre).
[[0;32m  OK  [0m] Reached target Local File Systems.
         Starting AppArmor initialization...
         Starting Set console font and keymap...
         Starting ebtables ruleset management...
         Starting Commit a transient machine-id on disk...
         Starting Tell Plymouth To Write Out Runtime Data...
[    4.955127] iscsi: registered transport (iser)
[    4.957465] systemd-journald[403]: Received request to flush runtime journal from PID 1
[[0;32m  OK  [0m] Started Load Kernel Modules.
         Mounting FUSE Control File System...
         Starting Apply Kernel Variables...
         Mounting Kernel Configuration File System...
[[0;32m  OK  [0m] Mounted FUSE Control File System.
[[0;32m  OK  [0m] Mounted Kernel Configuration File System.
[[0;32m  OK  [0m] Started udev Kernel Device Manager.
[[0;32m  OK  [0m] Started Dispatch Password Requests to Console Directory Watch.
[[0;32m  OK  [0m] Reached target Local Encrypted Volumes.
[[0;32m  OK  [0m] Started Set console font and keymap.
[[0;32m  OK  [0m] Started Tell Plymouth To Write Out Runtime Data.
[[0;32m  OK  [0m] Started Apply Kernel Variables.
[[0;32m  OK  [0m] Started Commit a transient machine-id on disk.
[[0;32m  OK  [0m] Started Flush Journal to Persistent Storage.
         Starting Create Volatile Files and Directories...
[[0;32m  OK  [0m] Started ebtables ruleset management.
[[0;32m  OK  [0m] Started Create Volatile Files and Directories.
         Starting Update UTMP about System Boot/Shutdown...
[[0;32m  OK  [0m] Started Update UTMP about System Boot/Shutdown.
[[0;32m  OK  [0m] Found device /dev/ttyS0.
[[0;32m  OK  [0m] Listening on Load/Save RF Kill Switch Status /dev/rfkill Watch.
[[0;32m  OK  [0m] Started AppArmor initialization.
         Starting Initial cloud-init job (pre-networking)...
         Starting Load AppArmor profiles managed internally by snapd...
[[0;32m  OK  [0m] Started Load AppArmor profiles managed internally by snapd.
[    7.743282] cloud-init[556]: Cloud-init v. 20.4.1-0ubuntu1~18.04.1 running 'init-local' at Thu, 04 Mar 2021 11:20:38 +0000. Up 7.42 seconds.
[[0;32m  OK  [0m] Started Initial cloud-init job (pre-networking).
[[0;32m  OK  [0m] Reached target Network (Pre).
         Starting Network Service...
[[0;32m  OK  [0m] Started Network Service.
         Starting Network Name Resolution...
         Starting Wait for Network to be Configured...
[[0;32m  OK  [0m] Started Network Name Resolution.
[[0;32m  OK  [0m] Reached target Network.
[[0;32m  OK  [0m] Reached target Host and Network Name Lookups.
[[0;32m  OK  [0m] Started Wait for Network to be Configured.
         Starting Initial cloud-init job (metadata service crawler)...
[    9.989226] cloud-init[643]: Cloud-init v. 20.4.1-0ubuntu1~18.04.1 running 'init' at Thu, 04 Mar 2021 11:20:41 +0000. Up 9.87 seconds.
[    9.990969] cloud-init[643]: ci-info: ++++++++++++++++++++++++++++++++++++++Net device info++++++++++++++++++++++++++++++++++++++
[   10.004340] cloud-init[643]: ci-info: +--------+------+----------------------------+---------------+--------+-------------------+
[   10.005810] cloud-init[643]: ci-info: | Device |  Up  |          Address           |      Mask     | Scope  |     Hw-Address    |
[   10.007215] cloud-init[643]: ci-info: +--------+------+----------------------------+---------------+--------+-------------------+
[   10.020337] cloud-init[643]: ci-info: | enp0s3 | True |         10.0.2.15          | 255.255.255.0 | global | 02:dd:e5:eb:6c:77 |
[   10.021788] cloud-init[643]: ci-info: | enp0s3 | True | fe80::dd:e5ff:feeb:6c77/64 |       .       |  link  | 02:dd:e5:eb:6c:77 |
[   10.023305] cloud-init[643]: ci-info: |   lo   | True |         127.0.0.1          |   255.0.0.0   |  host  |         .         |
[   10.028472] cloud-init[643]: ci-info: |   lo   | True |          ::1/128           |       .       |  host  |         .         |
[   10.030203] cloud-init[643]: ci-info: +--------+------+----------------------------+---------------+--------+-------------------+
[   10.033255] cloud-init[643]: ci-info: ++++++++++++++++++++++++++++Route IPv4 info+++++++++++++++++++++++++++++
[   10.044436] cloud-init[643]: ci-info: +-------+-------------+----------+-----------------+-----------+-------+
[   10.046209] cloud-init[643]: ci-info: | Route | Destination | Gateway  |     Genmask     | Interface | Flags |
[   10.048024] cloud-init[643]: ci-info: +-------+-------------+----------+-----------------+-----------+-------+
[   10.064447] cloud-init[643]: ci-info: |   0   |   0.0.0.0   | 10.0.2.2 |     0.0.0.0     |   enp0s3  |   UG  |
[   10.065890] cloud-init[643]: ci-info: |   1   |   10.0.2.0  | 0.0.0.0  |  255.255.255.0  |   enp0s3  |   U   |
[   10.067528] cloud-init[643]: ci-info: |   2   |   10.0.2.2  | 0.0.0.0  | 255.255.255.255 |   enp0s3  |   UH  |
[   10.070440] cloud-init[643]: ci-info: +-------+-------------+----------+-----------------+-----------+-------+
[   10.072894] cloud-init[643]: ci-info: +++++++++++++++++++Route IPv6 info+++++++++++++++++++
[   10.076457] cloud-init[643]: ci-info: +-------+-------------+---------+-----------+-------+
[   10.088414] cloud-init[643]: ci-info: | Route | Destination | Gateway | Interface | Flags |
[   10.089740] cloud-init[643]: ci-info: +-------+-------------+---------+-----------+-------+
[   10.091285] cloud-init[643]: ci-info: |   1   |  fe80::/64  |    ::   |   enp0s3  |   U   |
[   10.095203] cloud-init[643]: ci-info: |   3   |    local    |    ::   |   enp0s3  |   U   |
[   10.108593] cloud-init[643]: ci-info: |   4   |   ff00::/8  |    ::   |   enp0s3  |   U   |
[   10.109816] cloud-init[643]: ci-info: +-------+-------------+---------+-----------+-------+
[   10.874620] cloud-init[643]: Generating public/private rsa key pair.
[   10.875808] cloud-init[643]: Your identification has been saved in /etc/ssh/ssh_host_rsa_key.
[   10.877113] cloud-init[643]: Your public key has been saved in /etc/ssh/ssh_host_rsa_key.pub.
[   10.879580] cloud-init[643]: The key fingerprint is:
[   10.884981] cloud-init[643]: SHA256:mS4CCq1f2WpjVOC7D+Av7/lf3U0gE+oeYnlIj6Mejgc root@ubuntu-bionic
[   10.886269] cloud-init[643]: The key's randomart image is:
[   10.887184] cloud-init[643]: +---[RSA 2048]----+
[   10.888599] cloud-init[643]: |            .    |
[   10.892522] cloud-init[643]: |    .      . .   |
[   10.904568] cloud-init[643]: |   . .  . . o .  |
[   10.905478] cloud-init[643]: | .  . .. O   o . |
[   10.906342] cloud-init[643]: |. +  o  S =     .|
[   10.907190] cloud-init[643]: |.+ oEo + = o . o |
[   10.912210] cloud-init[643]: |o ..=o= . o . . .|
[   10.913135] cloud-init[643]: | ..o=O.o .       |
[   10.914784] cloud-init[643]: |  .*B==..        |
[   10.932505] cloud-init[643]: +----[SHA256]-----+
[   10.933407] cloud-init[643]: Generating public/private dsa key pair.
[   10.934402] cloud-init[643]: Your identification has been saved in /etc/ssh/ssh_host_dsa_key.
[[0;32m  OK  [0m] Started Initial cloud-init job (metadata service crawler).
[[0;32m  OK  [0m] Reached target Cloud-config availability.
[[0;32m  OK  [0m] Reached target System Initialization.
[   10.947954] cloud-init[643]:          Starting LXD - unix socket.
[[0;32m  OK  [0mYour public key has been saved in /etc/ssh/ssh_host_dsa_key.pub.
[   10.953051] cloud-init[643]: The key fingerprint is:
[   10.953870] cloud-init[643]: SHA256:7YnHygUVmTGj09Jxb5F9QvvuwbClVSC5/5TSrBsmwNs root@ubuntu-bionic
[   10.955218] cloud-init[643]: The key's randomart image is:] Started Message of the Day.
[[0;32m  OK  [0m] Listening on D-Bus System Message Bus Socket.
         Starting Socket activation for snappy daemon.
[[0;32m  OK  [0m] Started Daily apt download activities.
[[0;32m  OK  [0m] Started Daily apt upgrade and clean activities.
[
[   10.969690] cloud-init[643]: +---[DSA 1024]----+
[   10.970584] cloud-init[643]: |          *+oo+o |
[   10.971480] cloud-init[643]: |         +o*.oo+o|[0;32m  OK  [0m] Listening on UUID daemon activation socket.
[[0;32m  OK  [0m] Listening on ACPID Listen Socket.
[[0;32m  OK  [0m] Started Daily Cleanup of Temporary Directories.
[[0;32m  OK  [0m] Started ACPI Events Check.
[[0;32m  OK  [0m] Reached target Paths.
[[0;32m  OK  [0m] Listening on Open-iSCSI iscsid Socket.

[   10.982691] cloud-init[643]: |        + +  .+.o|
[   10.983730] cloud-init[[0;32m  OK  [0m] Started Discard unused blocks once a week.
[[0;32m  OK  [0m] Reached target Timers.
[[0;32m  OK  [0m] Reached target Network is Online.
[643]: |        .=  .. ..|
[   10.988342] cloud-init[643]: |        So.  oooo|
         Starting Availability of block devices...
[[   10.992943] cloud-init[643]: |         =+. .O=.|
[   10.994117] cloud-init[643]: |        ..*E =o=.|
[   10.995266] cloud-init[643]: |       . +  o...o|[0;32m  OK  [0m] Reached target Remote File Systems (Pre).
[[0;32m  OK  [0m] Reached target Remote File Systems.
[[0;32m  OK  [0m] Listening on LXD - unix socket.
[[0;32m  OK  [0m] Listening on Socket activation for snappy daemon.
[[0;32m  OK  [0m] Reached target Sockets.
[[0;32m  OK  [0m] Reached target Basic System.

[[0;32m  OK  [0m] Started Deferred execution scheduler.[   11.020321] cloud-init[643]: |        o    .. .|
[   11.021237] cloud-init[643]: +----[SHA256]-----+
[   11.022206] cloud-init[643]: Generating public/private ecdsa key pair.
[   11.023237] cloud-init[643]: Your identification has been saved in /etc/ssh/ssh_host_ecdsa_key.
         Starting Dispatcher daemon for systemd-networkd...
[[0;32m  OK  [0m] Started FUSE filesystem for LXC.

[   11.032419] cloud-init[643]: Your public key has been saved in /etc/ssh/ssh_host_ecdsa_key.pub.
[[0;32m  OK  [0m] Started D-Bus System Message Bus.
[   11.044379] cloud-init[643]: The key fingerprint is:
[   11.056321] cloud-init[643]: SHA256:Jp68Gv0DRf4iU53dhNnXeONb46SqCeVhKmqE4I3gDW4 root@ubuntu-bionic
[   11.057672] cloud-init[643]: The key's randomart image is:
[   11.058668] cloud-init[643]: +---[ECDSA 256]---+
[   11.061479] cloud-init[643]: |             + ..|
[   11.067050] cloud-init[643]: |        .   o +.+|
[   11.072331] cloud-init[643]: |       o . o o.o.|
[   11.078070] cloud-init[643]: |o.      + o . .+.|
[   11.083830] cloud-init[643]: |* *   .oS=    + +|
[   11.089271]          Starting LSB: Record successful boot for GRUB...
         Starting Permit User Sessions...
cloud-init[643]: | E + +++* o  . o |
         Starting System Logging Service...
         Starting Pollinate to seed the pseudo random number generator...
         Starting LSB: automatic crash report generation...
         Starting Login Service...
[   11.118332] cloud-init[643]: |. . ..=* o  .    |
[   11.136379] cloud-init[643]: |   ....oo ..     |
[   11.148402] cloud-init[643]: |  ..... .+.      |
[   11.149464] cloud-init[643]: +----[SHA256]-----+
[   11.150416] cloud-init[643]: Generating public/private ed25519 key pair.
[   11.152261] cloud-init[643]: Your identification has been saved in /etc/ssh/ssh_host_ed25519_key.
[[0;32m  OK  [0m] Started Regular background program processing daemon.
         Starting Accounts Service...
[   11.168691] cloud-init[643]: Your public key has been saved in /etc/ssh/ssh_host_ed25519_key.pub.
[[0;32m  OK  [0m] Started irqbalance daemon.
[   11.180411] cloud-init[643]: The key fingerprint is:
[   11.183479] cloud-init[643]: SHA256:erJkzK8KrPEl89c/JixJ59ZaIaoOlegFh+oXD8mjtOw root@ubuntu-bionic
[   11.186647] cloud-init[643]: The key's randomart image is:
[   11.188618] cloud-init[643]: +--[ED25519 256]--+
[   11.194548] cloud-init[643]: |                 |
[   11.196940] cloud-init[643]: |   .             |
[   11.205807] cloud-init[643]: |  o .            |
[   11.209238]          Starting Snap Daemon...
         Starting Virtualbox guest utils...
         Starting LXD - container startup/shutdown...
[[0;32m  OK  [0m] Started System Logging Service.
cloud-init[643]: [[0;32m  OK  [0m] Started Availability of block devices.
| ..+..           |
[[0;32m  OK  [0m] Started Permit User Sessions.
[   11.237995] [[0;32m  OK  [0m] Started Login Service.
[[0;32m  OK  [0m] Started Unattended Upgrades Shutdown.
         Starting Hold until boot process finishes up...
         Starting Terminate Plymouth Boot Screen...
[[0;32m  OK  [0m] Started Hold until boot process finishes up.
[[0;32m  OK  [0m] Started Serial Getty on ttyS0.
         Starting Set console scheme...
[[0;32m  OK  [0m] Started Terminate Plymouth Boot Screen.
cloud-init[643]: |...*+   S .      |
[   11.293002] cloud-init[643]: |+ooo=o.o.. .     |
[   11.300513] cloud-init[643]: |.=B..oO*...      |
[   11.313374] cloud-init[643]: |.+.B ++=*.+      |
[   11.323296] cloud-init[643]: |.E..=oo+o=..     |
[   11.332203] cloud-init[643]: +----[SHA256]-----+
[[0;32m  OK  [0m] Started Set console scheme.
[[0;32m  OK  [0m] Created slice system-getty.slice.
[[0;32m  OK  [0m] Started Getty on tty1.
[[0;32m  OK  [0m] Reached target Login Prompts.
         Starting Authorization Manager...
[[0;32m  OK  [0m] Started LSB: automatic crash report generation.
[[0;32m  OK  [0m] Started LSB: Record successful boot for GRUB.
[[0;32m  OK  [0m] Started Authorization Manager.
[[0;32m  OK  [0m] Started Accounts Service.
[[0;32m  OK  [0m] Started LXD - container startup/shutdown.
[[0;32m  OK  [0m] Started Virtualbox guest utils.
[[0;32m  OK  [0m] Started Dispatcher daemon for systemd-networkd.
[[0;32m  OK  [0m] Started Snap Daemon.
         Starting Wait until snapd is fully seeded...
[[0;32m  OK  [0m] Started Pollinate to seed the pseudo random number generator.
         Starting OpenBSD Secure Shell server...
[[0;32m  OK  [0m] Started OpenBSD Secure Shell server.
[[0;32m  OK  [0m] Created slice User Slice of vagrant.
         Starting User Manager for UID 1000...
[[0;32m  OK  [0m] Started Session 1 of user vagrant.
[[0;32m  OK  [0m] Started User Manager for UID 1000.
[[0;32m  OK  [0m] Started Wait until snapd is fully seeded.
[[0;32m  OK  [0m] Reached target Multi-User System.
[[0;32m  OK  [0m] Reached target Graphical Interface.
         Starting Update UTMP about System Runlevel Changes...
         Starting Apply the settings specified in cloud-config...
[[0;32m  OK  [0m] Started Update UTMP about System Runlevel Changes.
[   15.218943] cloud-init[1068]: Cloud-init v. 20.4.1-0ubuntu1~18.04.1 running 'modules:config' at Thu, 04 Mar 2021 11:20:46 +0000. Up 14.52 seconds.
[[0;32m  OK  [0m] Started Apply the settings specified in cloud-config.
         Starting Execute cloud user/final scripts...
ci-info: no authorized SSH keys fingerprints found for user ubuntu.
<14>Mar  4 11:20:47 ec2: 
<14>Mar  4 11:20:47 ec2: #############################################################
<14>Mar  4 11:20:47 ec2: -----BEGIN SSH HOST KEY FINGERPRINTS-----
<14>Mar  4 11:20:47 ec2: 1024 SHA256:7YnHygUVmTGj09Jxb5F9QvvuwbClVSC5/5TSrBsmwNs root@ubuntu-bionic (DSA)
<14>Mar  4 11:20:47 ec2: 256 SHA256:Jp68Gv0DRf4iU53dhNnXeONb46SqCeVhKmqE4I3gDW4 root@ubuntu-bionic (ECDSA)
<14>Mar  4 11:20:47 ec2: 256 SHA256:erJkzK8KrPEl89c/JixJ59ZaIaoOlegFh+oXD8mjtOw root@ubuntu-bionic (ED25519)
<14>Mar  4 11:20:47 ec2: 2048 SHA256:mS4CCq1f2WpjVOC7D+Av7/lf3U0gE+oeYnlIj6Mejgc root@ubuntu-bionic (RSA)
<14>Mar  4 11:20:47 ec2: -----END SSH HOST KEY FINGERPRINTS-----
<14>Mar  4 11:20:47 ec2: #############################################################
-----BEGIN SSH HOST KEY KEYS-----
ecdsa-sha2-nistp256 AAAAE2VjZHNhLXNoYTItbmlzdHAyNTYAAAAIbmlzdHAyNTYAAABBBKN3K+J0yzmv8CROlz3gcHQuI1qxpHzoyd+nAWW8EPJEySjleJZle71ZNFTWMwNAdrIC1Y/rMTdkW6dtuspxvkU= root@ubuntu-bionic
ssh-ed25519 AAAAC3NzaC1lZDI1NTE5AAAAILKcRH8Ryj6TUxBW+nzeLo+jpJ4M5fmG//+HGzbGmJgu root@ubuntu-bionic
ssh-rsa AAAAB3NzaC1yc2EAAAADAQABAAABAQC0WZnwXy/9k6qXvhxZC+leJoOPrB+Ll5V6X4CiOeSjOxZU+nJs9zMb1KFQVfjLUvHCrCjlkivKg2gsCYiXmLq14ot9Qhk4+9RJgjvTI3EBErRi5f0bzfEo8m9hMSms/xaEclm9zKCPUAD17NHlyMeaPcdKK3bq3hWOyRTgZo9y33qjpPIQ7KVVNQ3OV7Cl+gpsSjNdjJfsKuLWg09QFmkdyPC+P98rxTm33FRq1rn1N28uTWj3Fyq8CH4VK7RSwe+v+2MzCNazsnzpXwG03BVN7qcBceOE6qT8mF+wByf3b39UOk66JGQ8P7AoFXxSTYZwlUAPFV/lFbOP7Wrct16b root@ubuntu-bionic
-----END SSH HOST KEY KEYS-----
[   16.114217] cloud-init[1165]: Cloud-init v. 20.4.1-0ubuntu1~18.04.1 running 'modules:final' at Thu, 04 Mar 2021 11:20:47 +0000. Up 15.91 seconds.
[   16.116049] cloud-init[1165]: ci-info: no authorized SSH keys fingerprints found for user ubuntu.
[   16.117648] cloud-init[1165]: Cloud-init v. 20.4.1-0ubuntu1~18.04.1 finished at Thu, 04 Mar 2021 11:20:47 +0000. Datasource DataSourceNoCloud [seed=/dev/sdb][dsmode=net].  Up 16.10 seconds
[[0;32m  OK  [0m] Started Execute cloud user/final scripts.
[[0;32m  OK  [0m] Reached target Cloud-init target.

Ubuntu 18.04.5 LTS ubuntu-bionic ttyS0

ubuntu-bionic login: 